{
  "RSpec": {
    "coverage": {
      "/Users/stevenwatkins/Dropbox/trackerly/app/models/user.rb": [
        1,
        1,
        1,
        1,
        null,
        null,
        1,
        null,
        null,
        1,
        null,
        null,
        1,
        null,
        null,
        1,
        null,
        null,
        1,
        null,
        null,
        null,
        null,
        null,
        1,
        null,
        null,
        1,
        null,
        null,
        1,
        40,
        null,
        null
      ],
      "/Users/stevenwatkins/Dropbox/trackerly/app/helpers/school_districts_helper.rb": [
        1,
        1,
        0,
        null,
        null,
        null,
        1,
        9,
        null,
        null
      ],
      "/Users/stevenwatkins/Dropbox/trackerly/app/helpers/schools_helper.rb": [
        1,
        null,
        1,
        7,
        null,
        null,
        null,
        1,
        5,
        null,
        null,
        1,
        4,
        null,
        null
      ],
      "/Users/stevenwatkins/Dropbox/trackerly/app/controllers/school_districts_controller.rb": [
        1,
        1,
        20,
        1,
        null,
        null,
        null,
        1,
        12,
        12,
        null,
        null,
        1,
        1,
        null,
        null,
        1,
        1,
        1,
        1,
        1,
        1,
        null,
        0,
        0,
        null,
        null,
        null,
        1,
        1,
        null,
        null,
        1,
        1,
        1,
        1,
        1,
        null,
        0,
        0,
        null,
        null,
        null,
        1,
        null,
        1,
        2,
        null,
        null,
        null
      ],
      "/Users/stevenwatkins/Dropbox/trackerly/app/controllers/application_controller.rb": [
        1,
        1,
        null,
        null,
        1,
        null,
        1,
        null,
        1,
        null,
        38,
        null,
        null
      ],
      "/Users/stevenwatkins/Dropbox/trackerly/app/controllers/schools_controller.rb": [
        1,
        1,
        5,
        null,
        null,
        1,
        1,
        1,
        null,
        null,
        1,
        1,
        1,
        1,
        null,
        1,
        1,
        1,
        null,
        0,
        0,
        null,
        null,
        null,
        1,
        3,
        3,
        null,
        null,
        1,
        3,
        3,
        null,
        3,
        2,
        2,
        null,
        1,
        1,
        null,
        null,
        null,
        1,
        null,
        1,
        4,
        null,
        null,
        null
      ],
      "/Users/stevenwatkins/Dropbox/trackerly/app/mailers/school_district_invite_mailer.rb": [
        1,
        1,
        1,
        1,
        1,
        1,
        null,
        null,
        null,
        1,
        1,
        1,
        1,
        1,
        null,
        null,
        null
      ],
      "/Users/stevenwatkins/Dropbox/trackerly/app/mailers/application_mailer.rb": [
        1,
        1,
        1,
        null
      ],
      "/Users/stevenwatkins/Dropbox/trackerly/app/models/school_district_invite.rb": [
        1,
        1,
        1,
        1,
        1,
        null,
        1,
        1,
        null,
        1,
        null,
        null,
        null,
        1,
        null,
        null,
        1,
        null,
        null,
        1,
        null,
        1,
        2,
        null,
        null,
        null,
        1,
        2,
        2,
        1,
        null,
        null,
        null
      ],
      "/Users/stevenwatkins/Dropbox/trackerly/app/models/school_district_membership.rb": [
        1,
        1,
        1,
        1,
        1,
        null,
        1,
        null,
        null,
        null,
        1,
        null,
        null,
        null
      ],
      "/Users/stevenwatkins/Dropbox/trackerly/app/models/school_district.rb": [
        1,
        1,
        1,
        1,
        1,
        null,
        1,
        null,
        null,
        1,
        null,
        null,
        1,
        null,
        1,
        null,
        null,
        1,
        null,
        null,
        1,
        null,
        null,
        1,
        null,
        null,
        1,
        null,
        null,
        null,
        1,
        null,
        null,
        null,
        1,
        1,
        null,
        null,
        1,
        43,
        null,
        null
      ],
      "/Users/stevenwatkins/Dropbox/trackerly/app/models/school_faculty_membership.rb": [
        1,
        1,
        1,
        null,
        1,
        null,
        null,
        null,
        1,
        null,
        null,
        null
      ],
      "/Users/stevenwatkins/Dropbox/trackerly/app/models/school.rb": [
        1,
        1,
        1,
        null,
        1,
        null,
        null,
        1,
        null,
        1,
        null,
        null,
        1,
        null,
        null,
        1,
        null,
        null,
        1,
        null,
        null,
        1,
        null,
        null,
        null,
        1,
        null,
        null,
        null,
        1,
        null,
        null,
        null
      ],
      "/Users/stevenwatkins/Dropbox/trackerly/app/controllers/school_district_invites_controller.rb": [
        1,
        1,
        2,
        2,
        2,
        2,
        null,
        null,
        1,
        null,
        1,
        1,
        null,
        null,
        1,
        1,
        1,
        null,
        null,
        0,
        0,
        null,
        null,
        null,
        1,
        null,
        1,
        2,
        null,
        null,
        null
      ],
      "/Users/stevenwatkins/Dropbox/trackerly/app/controllers/my_devise/registrations_controller.rb": [
        1,
        1,
        2,
        2,
        2,
        null,
        null,
        1,
        2,
        2,
        2,
        1,
        1,
        0,
        null,
        0,
        null,
        1,
        1,
        1,
        null,
        1,
        null,
        null,
        null,
        1,
        null,
        1,
        2,
        null,
        null,
        null
      ],
      "/Users/stevenwatkins/Dropbox/trackerly/app/controllers/school_faculty_memberships_controller.rb": [
        1,
        1,
        3,
        3,
        null,
        null,
        1,
        1,
        1,
        2,
        1,
        null,
        1,
        null,
        null,
        1,
        1,
        1,
        null,
        3,
        1,
        null,
        null,
        1,
        2,
        4,
        2,
        null,
        2,
        null,
        2,
        null,
        null,
        null,
        1,
        1,
        null,
        null
      ]
    },
    "timestamp": 1434507148
  }
}
